<?xml version="1.0" encoding="UTF-8"?>
<!-- Generated by org.testng.reporters.JUnitReportReporter -->
<testsuite hostname="LAPTOP-SJO5D4J0" failures="0" tests="1" name="testcases.signin" time="20.884" errors="0" timestamp="2022-05-18T21:53:24 IST" skipped="0">
  <testcase classname="testcases.signin" name="sign" time="20.884"/>
  <system-out/>
</testsuite> <!-- testcases.signin -->
