<?xml version="1.0" encoding="UTF-8"?>
<!-- Generated by org.testng.reporters.JUnitReportReporter -->
<testsuite hostname="LAPTOP-SJO5D4J0" failures="0" tests="1" name="testcases.scrollby" time="0.038" errors="0" timestamp="2022-05-17T16:36:39 IST" skipped="0">
  <testcase classname="testcases.scrollby" name="customer" time="0.038"/>
  <system-out/>
</testsuite> <!-- testcases.scrollby -->
