<?xml version="1.0" encoding="UTF-8"?>
<!-- Generated by org.testng.reporters.JUnitReportReporter -->
<testsuite hostname="LAPTOP-SJO5D4J0" failures="0" tests="1" name="testcases.privacy" time="8.819" errors="0" timestamp="2022-05-18T19:00:48 IST" skipped="0">
  <testcase classname="testcases.privacy" name="policy" time="8.819"/>
  <system-out/>
</testsuite> <!-- testcases.privacy -->
