<?xml version="1.0" encoding="UTF-8"?>
<!-- Generated by org.testng.reporters.JUnitReportReporter -->
<testsuite hostname="LAPTOP-SJO5D4J0" failures="0" tests="2" name="testcases.home" time="11.623" errors="0" timestamp="2022-05-18T19:00:48 IST" skipped="0">
  <testcase classname="testcases.home" name="page" time="6.017"/>
  <system-out/>
  <testcase classname="testcases.home" name="scroll" time="5.606"/>
  <system-out/>
</testsuite> <!-- testcases.home -->
