<?xml version="1.0" encoding="UTF-8"?>
<!-- Generated by org.testng.reporters.JUnitReportReporter -->
<testsuite hostname="LAPTOP-SJO5D4J0" failures="0" tests="3" name="testcases.titlepage" time="15.581" errors="0" timestamp="2022-05-18T19:00:48 IST" skipped="0">
  <testcase classname="testcases.titlepage" name="urbanStore" time="9.580"/>
  <system-out/>
  <testcase classname="testcases.titlepage" name="gift" time="5.406"/>
  <system-out/>
  <testcase classname="testcases.titlepage" name="title" time="0.595"/>
  <system-out/>
</testsuite> <!-- testcases.titlepage -->
