<?xml version="1.0" encoding="UTF-8"?>
<!-- Generated by org.testng.reporters.JUnitReportReporter -->
<testsuite hostname="LAPTOP-SJO5D4J0" failures="0" tests="2" name="testcases.title" time="2.902" errors="0" timestamp="2022-05-15T13:16:52 IST" skipped="0">
  <testcase classname="testcases.title" name="set" time="0.014"/>
  <system-out/>
  <testcase classname="testcases.title" name="destination" time="2.888"/>
  <system-out/>
</testsuite> <!-- testcases.title -->
